INFO - 2024-11-26 08:38:38 --> Session: Class initialized using 'CodeIgniter\Session\Handlers\FileHandler' driver.
INFO - 2024-11-26 08:38:43 --> Session: Class initialized using 'CodeIgniter\Session\Handlers\FileHandler' driver.
INFO - 2024-11-26 08:38:43 --> Session: Class initialized using 'CodeIgniter\Session\Handlers\FileHandler' driver.
INFO - 2024-11-26 08:38:43 --> Session: Class initialized using 'CodeIgniter\Session\Handlers\FileHandler' driver.
INFO - 2024-11-26 08:38:48 --> Session: Class initialized using 'CodeIgniter\Session\Handlers\FileHandler' driver.
INFO - 2024-11-26 08:38:49 --> Session: Class initialized using 'CodeIgniter\Session\Handlers\FileHandler' driver.
INFO - 2024-11-26 08:38:49 --> Session: Class initialized using 'CodeIgniter\Session\Handlers\FileHandler' driver.
INFO - 2024-11-26 08:38:51 --> Session: Class initialized using 'CodeIgniter\Session\Handlers\FileHandler' driver.
INFO - 2024-11-26 08:38:51 --> Session: Class initialized using 'CodeIgniter\Session\Handlers\FileHandler' driver.
INFO - 2024-11-26 08:38:51 --> Session: Class initialized using 'CodeIgniter\Session\Handlers\FileHandler' driver.
INFO - 2024-11-26 08:38:56 --> Session: Class initialized using 'CodeIgniter\Session\Handlers\FileHandler' driver.
INFO - 2024-11-26 08:38:57 --> Session: Class initialized using 'CodeIgniter\Session\Handlers\FileHandler' driver.
INFO - 2024-11-26 08:38:57 --> Session: Class initialized using 'CodeIgniter\Session\Handlers\FileHandler' driver.
INFO - 2024-11-26 08:38:59 --> Session: Class initialized using 'CodeIgniter\Session\Handlers\FileHandler' driver.
INFO - 2024-11-26 08:38:59 --> Session: Class initialized using 'CodeIgniter\Session\Handlers\FileHandler' driver.
INFO - 2024-11-26 08:38:59 --> Session: Class initialized using 'CodeIgniter\Session\Handlers\FileHandler' driver.
INFO - 2024-11-26 08:39:05 --> Session: Class initialized using 'CodeIgniter\Session\Handlers\FileHandler' driver.
INFO - 2024-11-26 08:39:24 --> Session: Class initialized using 'CodeIgniter\Session\Handlers\FileHandler' driver.
INFO - 2024-11-26 08:39:27 --> Session: Class initialized using 'CodeIgniter\Session\Handlers\FileHandler' driver.
INFO - 2024-11-26 08:55:00 --> Session: Class initialized using 'CodeIgniter\Session\Handlers\FileHandler' driver.
INFO - 2024-11-26 08:56:09 --> Session: Class initialized using 'CodeIgniter\Session\Handlers\FileHandler' driver.
INFO - 2024-11-26 08:56:12 --> Session: Class initialized using 'CodeIgniter\Session\Handlers\FileHandler' driver.
INFO - 2024-11-26 08:58:31 --> Session: Class initialized using 'CodeIgniter\Session\Handlers\FileHandler' driver.
INFO - 2024-11-26 09:00:21 --> Session: Class initialized using 'CodeIgniter\Session\Handlers\FileHandler' driver.
INFO - 2024-11-26 09:00:45 --> Session: Class initialized using 'CodeIgniter\Session\Handlers\FileHandler' driver.
INFO - 2024-11-26 09:16:19 --> Session: Class initialized using 'CodeIgniter\Session\Handlers\FileHandler' driver.
INFO - 2024-11-26 09:16:57 --> Session: Class initialized using 'CodeIgniter\Session\Handlers\FileHandler' driver.
INFO - 2024-11-26 09:17:03 --> Session: Class initialized using 'CodeIgniter\Session\Handlers\FileHandler' driver.
INFO - 2024-11-26 09:17:05 --> Session: Class initialized using 'CodeIgniter\Session\Handlers\FileHandler' driver.
INFO - 2024-11-26 09:17:16 --> Session: Class initialized using 'CodeIgniter\Session\Handlers\FileHandler' driver.
INFO - 2024-11-26 09:17:18 --> Session: Class initialized using 'CodeIgniter\Session\Handlers\FileHandler' driver.
INFO - 2024-11-26 09:19:30 --> Session: Class initialized using 'CodeIgniter\Session\Handlers\FileHandler' driver.
INFO - 2024-11-26 09:20:39 --> Session: Class initialized using 'CodeIgniter\Session\Handlers\FileHandler' driver.
INFO - 2024-11-26 09:20:50 --> Session: Class initialized using 'CodeIgniter\Session\Handlers\FileHandler' driver.
INFO - 2024-11-26 09:20:55 --> Session: Class initialized using 'CodeIgniter\Session\Handlers\FileHandler' driver.
INFO - 2024-11-26 09:21:03 --> Session: Class initialized using 'CodeIgniter\Session\Handlers\FileHandler' driver.
INFO - 2024-11-26 09:23:02 --> Session: Class initialized using 'CodeIgniter\Session\Handlers\FileHandler' driver.
INFO - 2024-11-26 09:24:20 --> Session: Class initialized using 'CodeIgniter\Session\Handlers\FileHandler' driver.
INFO - 2024-11-26 09:24:25 --> Session: Class initialized using 'CodeIgniter\Session\Handlers\FileHandler' driver.
INFO - 2024-11-26 09:25:02 --> Session: Class initialized using 'CodeIgniter\Session\Handlers\FileHandler' driver.
INFO - 2024-11-26 09:25:27 --> Session: Class initialized using 'CodeIgniter\Session\Handlers\FileHandler' driver.
INFO - 2024-11-26 09:25:28 --> Session: Class initialized using 'CodeIgniter\Session\Handlers\FileHandler' driver.
INFO - 2024-11-26 09:25:28 --> Session: Class initialized using 'CodeIgniter\Session\Handlers\FileHandler' driver.
INFO - 2024-11-26 09:25:31 --> Session: Class initialized using 'CodeIgniter\Session\Handlers\FileHandler' driver.
INFO - 2024-11-26 09:25:31 --> Session: Class initialized using 'CodeIgniter\Session\Handlers\FileHandler' driver.
INFO - 2024-11-26 09:25:33 --> Session: Class initialized using 'CodeIgniter\Session\Handlers\FileHandler' driver.
INFO - 2024-11-26 09:25:35 --> Session: Class initialized using 'CodeIgniter\Session\Handlers\FileHandler' driver.
INFO - 2024-11-26 09:25:42 --> Session: Class initialized using 'CodeIgniter\Session\Handlers\FileHandler' driver.
INFO - 2024-11-26 09:25:42 --> Session: Class initialized using 'CodeIgniter\Session\Handlers\FileHandler' driver.
INFO - 2024-11-26 09:25:42 --> Session: Class initialized using 'CodeIgniter\Session\Handlers\FileHandler' driver.
INFO - 2024-11-26 09:57:08 --> Session: Class initialized using 'CodeIgniter\Session\Handlers\FileHandler' driver.
INFO - 2024-11-26 09:57:12 --> Session: Class initialized using 'CodeIgniter\Session\Handlers\FileHandler' driver.
INFO - 2024-11-26 09:59:15 --> Session: Class initialized using 'CodeIgniter\Session\Handlers\FileHandler' driver.
CRITICAL - 2024-11-26 09:59:15 --> CodeIgniter\View\Exceptions\ViewException: Archivo inválido: rutas/index.php
[Method: GET, Route: rutas/enmarcha]
in SYSTEMPATH/Exceptions/FrameworkException.php on line 41.
 1 SYSTEMPATH/View/View.php(222): CodeIgniter\Exceptions\FrameworkException::forInvalidFile('rutas/index.php')
 2 SYSTEMPATH/Common.php(1171): CodeIgniter\View\View->render('rutas/index', [], true)
 3 APPPATH/Controllers/Rutas.php(46): view('rutas/index', [...])
 4 APPPATH/Controllers/Rutas.php(19): App\Controllers\Rutas->todas('estado_ruta!=', '2')
 5 SYSTEMPATH/CodeIgniter.php(933): App\Controllers\Rutas->enmarcha()
 6 SYSTEMPATH/CodeIgniter.php(509): CodeIgniter\CodeIgniter->runController(Object(App\Controllers\Rutas))
 7 SYSTEMPATH/CodeIgniter.php(355): CodeIgniter\CodeIgniter->handleRequest(null, Object(Config\Cache), false)
 8 SYSTEMPATH/Boot.php(325): CodeIgniter\CodeIgniter->run()
 9 SYSTEMPATH/Boot.php(67): CodeIgniter\Boot::runCodeIgniter(Object(CodeIgniter\CodeIgniter))
10 FCPATH/index.php(29): CodeIgniter\Boot::bootWeb(Object(Config\Paths))
INFO - 2024-11-26 09:59:28 --> Session: Class initialized using 'CodeIgniter\Session\Handlers\FileHandler' driver.
INFO - 2024-11-26 10:01:24 --> Session: Class initialized using 'CodeIgniter\Session\Handlers\FileHandler' driver.
INFO - 2024-11-26 10:02:19 --> Session: Class initialized using 'CodeIgniter\Session\Handlers\FileHandler' driver.
INFO - 2024-11-26 10:03:24 --> Session: Class initialized using 'CodeIgniter\Session\Handlers\FileHandler' driver.
INFO - 2024-11-26 10:03:30 --> Session: Class initialized using 'CodeIgniter\Session\Handlers\FileHandler' driver.
INFO - 2024-11-26 10:03:46 --> Session: Class initialized using 'CodeIgniter\Session\Handlers\FileHandler' driver.
INFO - 2024-11-26 10:04:26 --> Session: Class initialized using 'CodeIgniter\Session\Handlers\FileHandler' driver.
INFO - 2024-11-26 10:05:18 --> Session: Class initialized using 'CodeIgniter\Session\Handlers\FileHandler' driver.
INFO - 2024-11-26 10:07:29 --> Session: Class initialized using 'CodeIgniter\Session\Handlers\FileHandler' driver.
INFO - 2024-11-26 10:08:11 --> Session: Class initialized using 'CodeIgniter\Session\Handlers\FileHandler' driver.
INFO - 2024-11-26 10:10:34 --> Session: Class initialized using 'CodeIgniter\Session\Handlers\FileHandler' driver.
INFO - 2024-11-26 10:17:30 --> Session: Class initialized using 'CodeIgniter\Session\Handlers\FileHandler' driver.
INFO - 2024-11-26 10:17:48 --> Session: Class initialized using 'CodeIgniter\Session\Handlers\FileHandler' driver.
INFO - 2024-11-26 10:18:28 --> Session: Class initialized using 'CodeIgniter\Session\Handlers\FileHandler' driver.
INFO - 2024-11-26 10:18:30 --> Session: Class initialized using 'CodeIgniter\Session\Handlers\FileHandler' driver.
INFO - 2024-11-26 10:19:17 --> Session: Class initialized using 'CodeIgniter\Session\Handlers\FileHandler' driver.
INFO - 2024-11-26 10:19:57 --> Session: Class initialized using 'CodeIgniter\Session\Handlers\FileHandler' driver.
INFO - 2024-11-26 10:21:35 --> Session: Class initialized using 'CodeIgniter\Session\Handlers\FileHandler' driver.
INFO - 2024-11-26 10:22:55 --> Session: Class initialized using 'CodeIgniter\Session\Handlers\FileHandler' driver.
INFO - 2024-11-26 10:23:44 --> Session: Class initialized using 'CodeIgniter\Session\Handlers\FileHandler' driver.
INFO - 2024-11-26 10:27:58 --> Session: Class initialized using 'CodeIgniter\Session\Handlers\FileHandler' driver.
INFO - 2024-11-26 10:28:46 --> Session: Class initialized using 'CodeIgniter\Session\Handlers\FileHandler' driver.
INFO - 2024-11-26 10:28:48 --> Session: Class initialized using 'CodeIgniter\Session\Handlers\FileHandler' driver.
INFO - 2024-11-26 10:29:06 --> Session: Class initialized using 'CodeIgniter\Session\Handlers\FileHandler' driver.
INFO - 2024-11-26 10:29:32 --> Session: Class initialized using 'CodeIgniter\Session\Handlers\FileHandler' driver.
INFO - 2024-11-26 10:29:35 --> Session: Class initialized using 'CodeIgniter\Session\Handlers\FileHandler' driver.
INFO - 2024-11-26 10:29:35 --> Session: Class initialized using 'CodeIgniter\Session\Handlers\FileHandler' driver.
INFO - 2024-11-26 10:29:38 --> Session: Class initialized using 'CodeIgniter\Session\Handlers\FileHandler' driver.
INFO - 2024-11-26 10:29:42 --> Session: Class initialized using 'CodeIgniter\Session\Handlers\FileHandler' driver.
INFO - 2024-11-26 10:58:52 --> Session: Class initialized using 'CodeIgniter\Session\Handlers\FileHandler' driver.
ERROR - 2024-11-26 10:58:52 --> mysqli_sql_exception: Table 'dbpgvlpruorddd.rutas' doesn't exist in /home/customer/www/dev.showscreen.app/public_html/vendor/codeigniter4/codeigniter4/system/Database/MySQLi/Connection.php:312
Stack trace:
#0 /home/customer/www/dev.showscreen.app/public_html/vendor/codeigniter4/codeigniter4/system/Database/MySQLi/Connection.php(312): mysqli->query('SELECT *\nFROM `...', 0)
#1 /home/customer/www/dev.showscreen.app/public_html/vendor/codeigniter4/codeigniter4/system/Database/BaseConnection.php(734): CodeIgniter\Database\MySQLi\Connection->execute('SELECT *\nFROM `...')
#2 /home/customer/www/dev.showscreen.app/public_html/vendor/codeigniter4/codeigniter4/system/Database/BaseConnection.php(648): CodeIgniter\Database\BaseConnection->simpleQuery('SELECT *\nFROM `...')
#3 /home/customer/www/dev.showscreen.app/public_html/vendor/codeigniter4/codeigniter4/system/Database/BaseBuilder.php(1636): CodeIgniter\Database\BaseConnection->query('SELECT *\nFROM `...', Array, false)
#4 /home/customer/www/dev.showscreen.app/public_html/vendor/codeigniter4/codeigniter4/system/Model.php(286): CodeIgniter\Database\BaseBuilder->get()
#5 /home/customer/www/dev.showscreen.app/public_html/vendor/codeigniter4/codeigniter4/system/BaseModel.php(676): CodeIgniter\Model->doFindAll(0, 0)
#6 /home/customer/www/dev.showscreen.app/public_html/app/Models/Rutas_model.php(15): CodeIgniter\BaseModel->findAll()
#7 /home/customer/www/dev.showscreen.app/public_html/app/Controllers/Rutas.php(32): App\Models\Rutas_model->getRutas('estado_ruta!=', '2')
#8 /home/customer/www/dev.showscreen.app/public_html/app/Controllers/Rutas.php(19): App\Controllers\Rutas->listadoRutas('estado_ruta!=', '2')
#9 /home/customer/www/dev.showscreen.app/public_html/vendor/codeigniter4/codeigniter4/system/CodeIgniter.php(933): App\Controllers\Rutas->enmarcha()
#10 /home/customer/www/dev.showscreen.app/public_html/vendor/codeigniter4/codeigniter4/system/CodeIgniter.php(509): CodeIgniter\CodeIgniter->runController(Object(App\Controllers\Rutas))
#11 /home/customer/www/dev.showscreen.app/public_html/vendor/codeigniter4/codeigniter4/system/CodeIgniter.php(355): CodeIgniter\CodeIgniter->handleRequest(NULL, Object(Config\Cache), false)
#12 /home/customer/www/dev.showscreen.app/public_html/vendor/codeigniter4/codeigniter4/system/Boot.php(325): CodeIgniter\CodeIgniter->run()
#13 /home/customer/www/dev.showscreen.app/public_html/vendor/codeigniter4/codeigniter4/system/Boot.php(67): CodeIgniter\Boot::runCodeIgniter(Object(CodeIgniter\CodeIgniter))
#14 /home/customer/www/dev.showscreen.app/public_html/index.php(29): CodeIgniter\Boot::bootWeb(Object(Config\Paths))
#15 {main}
CRITICAL - 2024-11-26 10:58:52 --> CodeIgniter\Database\Exceptions\DatabaseException: Table 'dbpgvlpruorddd.rutas' doesn't exist
[Method: GET, Route: rutas/enmarcha]
in SYSTEMPATH/Database/BaseConnection.php on line 688.
 1 SYSTEMPATH/Database/BaseBuilder.php(1636): CodeIgniter\Database\BaseConnection->query('SELECT *
FROM `rutas`
WHERE `estado_ruta` != 2', [], false)
 2 SYSTEMPATH/Model.php(286): CodeIgniter\Database\BaseBuilder->get()
 3 SYSTEMPATH/BaseModel.php(676): CodeIgniter\Model->doFindAll(0, 0)
 4 APPPATH/Models/Rutas_model.php(15): CodeIgniter\BaseModel->findAll()
 5 APPPATH/Controllers/Rutas.php(32): App\Models\Rutas_model->getRutas('estado_ruta!=', '2')
 6 APPPATH/Controllers/Rutas.php(19): App\Controllers\Rutas->listadoRutas('estado_ruta!=', '2')
 7 SYSTEMPATH/CodeIgniter.php(933): App\Controllers\Rutas->enmarcha()
 8 SYSTEMPATH/CodeIgniter.php(509): CodeIgniter\CodeIgniter->runController(Object(App\Controllers\Rutas))
 9 SYSTEMPATH/CodeIgniter.php(355): CodeIgniter\CodeIgniter->handleRequest(null, Object(Config\Cache), false)
10 SYSTEMPATH/Boot.php(325): CodeIgniter\CodeIgniter->run()
11 SYSTEMPATH/Boot.php(67): CodeIgniter\Boot::runCodeIgniter(Object(CodeIgniter\CodeIgniter))
12 FCPATH/index.php(29): CodeIgniter\Boot::bootWeb(Object(Config\Paths))
CRITICAL - 2024-11-26 10:58:52 --> [Caused by] CodeIgniter\Database\Exceptions\DatabaseException: Table 'dbpgvlpruorddd.rutas' doesn't exist
in SYSTEMPATH/Database/MySQLi/Connection.php on line 317.
 1 SYSTEMPATH/Database/BaseConnection.php(734): CodeIgniter\Database\MySQLi\Connection->execute('SELECT *
FROM `rutas`
WHERE `estado_ruta` != 2')
 2 SYSTEMPATH/Database/BaseConnection.php(648): CodeIgniter\Database\BaseConnection->simpleQuery('SELECT *
FROM `rutas`
WHERE `estado_ruta` != 2')
 3 SYSTEMPATH/Database/BaseBuilder.php(1636): CodeIgniter\Database\BaseConnection->query('SELECT *
FROM `rutas`
WHERE `estado_ruta` != 2', [], false)
 4 SYSTEMPATH/Model.php(286): CodeIgniter\Database\BaseBuilder->get()
 5 SYSTEMPATH/BaseModel.php(676): CodeIgniter\Model->doFindAll(0, 0)
 6 APPPATH/Models/Rutas_model.php(15): CodeIgniter\BaseModel->findAll()
 7 APPPATH/Controllers/Rutas.php(32): App\Models\Rutas_model->getRutas('estado_ruta!=', '2')
 8 APPPATH/Controllers/Rutas.php(19): App\Controllers\Rutas->listadoRutas('estado_ruta!=', '2')
 9 SYSTEMPATH/CodeIgniter.php(933): App\Controllers\Rutas->enmarcha()
10 SYSTEMPATH/CodeIgniter.php(509): CodeIgniter\CodeIgniter->runController(Object(App\Controllers\Rutas))
11 SYSTEMPATH/CodeIgniter.php(355): CodeIgniter\CodeIgniter->handleRequest(null, Object(Config\Cache), false)
12 SYSTEMPATH/Boot.php(325): CodeIgniter\CodeIgniter->run()
13 SYSTEMPATH/Boot.php(67): CodeIgniter\Boot::runCodeIgniter(Object(CodeIgniter\CodeIgniter))
14 FCPATH/index.php(29): CodeIgniter\Boot::bootWeb(Object(Config\Paths))
CRITICAL - 2024-11-26 10:58:52 --> [Caused by] mysqli_sql_exception: Table 'dbpgvlpruorddd.rutas' doesn't exist
in SYSTEMPATH/Database/MySQLi/Connection.php on line 312.
 1 SYSTEMPATH/Database/MySQLi/Connection.php(312): mysqli->query('SELECT *
FROM `rutas`
WHERE `estado_ruta` != 2', 0)
 2 SYSTEMPATH/Database/BaseConnection.php(734): CodeIgniter\Database\MySQLi\Connection->execute('SELECT *
FROM `rutas`
WHERE `estado_ruta` != 2')
 3 SYSTEMPATH/Database/BaseConnection.php(648): CodeIgniter\Database\BaseConnection->simpleQuery('SELECT *
FROM `rutas`
WHERE `estado_ruta` != 2')
 4 SYSTEMPATH/Database/BaseBuilder.php(1636): CodeIgniter\Database\BaseConnection->query('SELECT *
FROM `rutas`
WHERE `estado_ruta` != 2', [], false)
 5 SYSTEMPATH/Model.php(286): CodeIgniter\Database\BaseBuilder->get()
 6 SYSTEMPATH/BaseModel.php(676): CodeIgniter\Model->doFindAll(0, 0)
 7 APPPATH/Models/Rutas_model.php(15): CodeIgniter\BaseModel->findAll()
 8 APPPATH/Controllers/Rutas.php(32): App\Models\Rutas_model->getRutas('estado_ruta!=', '2')
 9 APPPATH/Controllers/Rutas.php(19): App\Controllers\Rutas->listadoRutas('estado_ruta!=', '2')
10 SYSTEMPATH/CodeIgniter.php(933): App\Controllers\Rutas->enmarcha()
11 SYSTEMPATH/CodeIgniter.php(509): CodeIgniter\CodeIgniter->runController(Object(App\Controllers\Rutas))
12 SYSTEMPATH/CodeIgniter.php(355): CodeIgniter\CodeIgniter->handleRequest(null, Object(Config\Cache), false)
13 SYSTEMPATH/Boot.php(325): CodeIgniter\CodeIgniter->run()
14 SYSTEMPATH/Boot.php(67): CodeIgniter\Boot::runCodeIgniter(Object(CodeIgniter\CodeIgniter))
15 FCPATH/index.php(29): CodeIgniter\Boot::bootWeb(Object(Config\Paths))
INFO - 2024-11-26 11:01:37 --> Session: Class initialized using 'CodeIgniter\Session\Handlers\FileHandler' driver.
CRITICAL - 2024-11-26 11:01:37 --> ErrorException: Trying to access array offset on value of type null
[Method: GET, Route: rutas/enmarcha]
in APPPATH/Controllers/Rutas.php on line 59.
 1 APPPATH/Controllers/Rutas.php(59): CodeIgniter\Debug\Exceptions->errorHandler(2, 'Trying to access array offset on value of type null', '/home/customer/www/dev.showscreen.app/public_html/app/Controllers/Rutas.php', 59)
 2 APPPATH/Controllers/Rutas.php(38): App\Controllers\Rutas->transportistas()
 3 APPPATH/Controllers/Rutas.php(19): App\Controllers\Rutas->listadoRutas('estado_ruta!=', '2')
 4 SYSTEMPATH/CodeIgniter.php(933): App\Controllers\Rutas->enmarcha()
 5 SYSTEMPATH/CodeIgniter.php(509): CodeIgniter\CodeIgniter->runController(Object(App\Controllers\Rutas))
 6 SYSTEMPATH/CodeIgniter.php(355): CodeIgniter\CodeIgniter->handleRequest(null, Object(Config\Cache), false)
 7 SYSTEMPATH/Boot.php(325): CodeIgniter\CodeIgniter->run()
 8 SYSTEMPATH/Boot.php(67): CodeIgniter\Boot::runCodeIgniter(Object(CodeIgniter\CodeIgniter))
 9 FCPATH/index.php(29): CodeIgniter\Boot::bootWeb(Object(Config\Paths))
INFO - 2024-11-26 11:02:03 --> Session: Class initialized using 'CodeIgniter\Session\Handlers\FileHandler' driver.
CRITICAL - 2024-11-26 11:02:03 --> ErrorException: Undefined array key "nombre_usuario"
[Method: GET, Route: rutas/enmarcha]
in APPPATH/Controllers/Rutas.php on line 67.
 1 APPPATH/Controllers/Rutas.php(67): CodeIgniter\Debug\Exceptions->errorHandler(2, 'Undefined array key "nombre_usuario"', '/home/customer/www/dev.showscreen.app/public_html/app/Controllers/Rutas.php', 67)
 2 APPPATH/Controllers/Rutas.php(38): App\Controllers\Rutas->transportistas()
 3 APPPATH/Controllers/Rutas.php(19): App\Controllers\Rutas->listadoRutas('estado_ruta!=', '2')
 4 SYSTEMPATH/CodeIgniter.php(933): App\Controllers\Rutas->enmarcha()
 5 SYSTEMPATH/CodeIgniter.php(509): CodeIgniter\CodeIgniter->runController(Object(App\Controllers\Rutas))
 6 SYSTEMPATH/CodeIgniter.php(355): CodeIgniter\CodeIgniter->handleRequest(null, Object(Config\Cache), false)
 7 SYSTEMPATH/Boot.php(325): CodeIgniter\CodeIgniter->run()
 8 SYSTEMPATH/Boot.php(67): CodeIgniter\Boot::runCodeIgniter(Object(CodeIgniter\CodeIgniter))
 9 FCPATH/index.php(29): CodeIgniter\Boot::bootWeb(Object(Config\Paths))
INFO - 2024-11-26 11:08:36 --> Session: Class initialized using 'CodeIgniter\Session\Handlers\FileHandler' driver.
CRITICAL - 2024-11-26 11:08:36 --> ArgumentCountError: Too few arguments to function App\Controllers\Rutas::transportistas(), 0 passed in /home/customer/www/dev.showscreen.app/public_html/app/Controllers/Rutas.php on line 39 and exactly 1 expected
[Method: GET, Route: rutas/enmarcha]
in APPPATH/Controllers/Rutas.php on line 50.
 1 APPPATH/Controllers/Rutas.php(39): App\Controllers\Rutas->transportistas()
 2 APPPATH/Controllers/Rutas.php(20): App\Controllers\Rutas->listadoRutas('estado_ruta!=', '2')
 3 SYSTEMPATH/CodeIgniter.php(933): App\Controllers\Rutas->enmarcha()
 4 SYSTEMPATH/CodeIgniter.php(509): CodeIgniter\CodeIgniter->runController(Object(App\Controllers\Rutas))
 5 SYSTEMPATH/CodeIgniter.php(355): CodeIgniter\CodeIgniter->handleRequest(null, Object(Config\Cache), false)
 6 SYSTEMPATH/Boot.php(325): CodeIgniter\CodeIgniter->run()
 7 SYSTEMPATH/Boot.php(67): CodeIgniter\Boot::runCodeIgniter(Object(CodeIgniter\CodeIgniter))
 8 FCPATH/index.php(29): CodeIgniter\Boot::bootWeb(Object(Config\Paths))
INFO - 2024-11-26 11:09:39 --> Session: Class initialized using 'CodeIgniter\Session\Handlers\FileHandler' driver.
CRITICAL - 2024-11-26 11:09:39 --> ErrorException: Trying to access array offset on value of type null
[Method: GET, Route: rutas/enmarcha]
in APPPATH/Controllers/Rutas.php on line 61.
 1 APPPATH/Controllers/Rutas.php(61): CodeIgniter\Debug\Exceptions->errorHandler(2, 'Trying to access array offset on value of type null', '/home/customer/www/dev.showscreen.app/public_html/app/Controllers/Rutas.php', 61)
 2 APPPATH/Controllers/Rutas.php(39): App\Controllers\Rutas->transportistas()
 3 APPPATH/Controllers/Rutas.php(20): App\Controllers\Rutas->listadoRutas('estado_ruta!=', '2')
 4 SYSTEMPATH/CodeIgniter.php(933): App\Controllers\Rutas->enmarcha()
 5 SYSTEMPATH/CodeIgniter.php(509): CodeIgniter\CodeIgniter->runController(Object(App\Controllers\Rutas))
 6 SYSTEMPATH/CodeIgniter.php(355): CodeIgniter\CodeIgniter->handleRequest(null, Object(Config\Cache), false)
 7 SYSTEMPATH/Boot.php(325): CodeIgniter\CodeIgniter->run()
 8 SYSTEMPATH/Boot.php(67): CodeIgniter\Boot::runCodeIgniter(Object(CodeIgniter\CodeIgniter))
 9 FCPATH/index.php(29): CodeIgniter\Boot::bootWeb(Object(Config\Paths))
INFO - 2024-11-26 11:09:54 --> Session: Class initialized using 'CodeIgniter\Session\Handlers\FileHandler' driver.
ERROR - 2024-11-26 11:09:54 --> mysqli_sql_exception: Unknown column 'nivel_acceso' in 'where clause' in /home/customer/www/dev.showscreen.app/public_html/vendor/codeigniter4/codeigniter4/system/Database/MySQLi/Connection.php:312
Stack trace:
#0 /home/customer/www/dev.showscreen.app/public_html/vendor/codeigniter4/codeigniter4/system/Database/MySQLi/Connection.php(312): mysqli->query('SELECT *\nFROM `...', 0)
#1 /home/customer/www/dev.showscreen.app/public_html/vendor/codeigniter4/codeigniter4/system/Database/BaseConnection.php(734): CodeIgniter\Database\MySQLi\Connection->execute('SELECT *\nFROM `...')
#2 /home/customer/www/dev.showscreen.app/public_html/vendor/codeigniter4/codeigniter4/system/Database/BaseConnection.php(648): CodeIgniter\Database\BaseConnection->simpleQuery('SELECT *\nFROM `...')
#3 /home/customer/www/dev.showscreen.app/public_html/vendor/codeigniter4/codeigniter4/system/Database/BaseBuilder.php(1636): CodeIgniter\Database\BaseConnection->query('SELECT *\nFROM `...', Array, false)
#4 /home/customer/www/dev.showscreen.app/public_html/vendor/codeigniter4/codeigniter4/system/Model.php(286): CodeIgniter\Database\BaseBuilder->get()
#5 /home/customer/www/dev.showscreen.app/public_html/vendor/codeigniter4/codeigniter4/system/BaseModel.php(676): CodeIgniter\Model->doFindAll(0, 0)
#6 /home/customer/www/dev.showscreen.app/public_html/app/Controllers/Rutas.php(65): CodeIgniter\BaseModel->findAll()
#7 /home/customer/www/dev.showscreen.app/public_html/app/Controllers/Rutas.php(39): App\Controllers\Rutas->transportistas()
#8 /home/customer/www/dev.showscreen.app/public_html/app/Controllers/Rutas.php(20): App\Controllers\Rutas->listadoRutas('estado_ruta!=', '2')
#9 /home/customer/www/dev.showscreen.app/public_html/vendor/codeigniter4/codeigniter4/system/CodeIgniter.php(933): App\Controllers\Rutas->enmarcha()
#10 /home/customer/www/dev.showscreen.app/public_html/vendor/codeigniter4/codeigniter4/system/CodeIgniter.php(509): CodeIgniter\CodeIgniter->runController(Object(App\Controllers\Rutas))
#11 /home/customer/www/dev.showscreen.app/public_html/vendor/codeigniter4/codeigniter4/system/CodeIgniter.php(355): CodeIgniter\CodeIgniter->handleRequest(NULL, Object(Config\Cache), false)
#12 /home/customer/www/dev.showscreen.app/public_html/vendor/codeigniter4/codeigniter4/system/Boot.php(325): CodeIgniter\CodeIgniter->run()
#13 /home/customer/www/dev.showscreen.app/public_html/vendor/codeigniter4/codeigniter4/system/Boot.php(67): CodeIgniter\Boot::runCodeIgniter(Object(CodeIgniter\CodeIgniter))
#14 /home/customer/www/dev.showscreen.app/public_html/index.php(29): CodeIgniter\Boot::bootWeb(Object(Config\Paths))
#15 {main}
CRITICAL - 2024-11-26 11:09:54 --> CodeIgniter\Database\Exceptions\DatabaseException: Unknown column 'nivel_acceso' in 'where clause'
[Method: GET, Route: rutas/enmarcha]
in SYSTEMPATH/Database/BaseConnection.php on line 688.
 1 SYSTEMPATH/Database/BaseBuilder.php(1636): CodeIgniter\Database\BaseConnection->query('SELECT *
FROM `users`
WHERE `nivel_acceso` = :nivel_acceso:', [...], false)
 2 SYSTEMPATH/Model.php(286): CodeIgniter\Database\BaseBuilder->get()
 3 SYSTEMPATH/BaseModel.php(676): CodeIgniter\Model->doFindAll(0, 0)
 4 APPPATH/Controllers/Rutas.php(65): CodeIgniter\BaseModel->findAll()
 5 APPPATH/Controllers/Rutas.php(39): App\Controllers\Rutas->transportistas()
 6 APPPATH/Controllers/Rutas.php(20): App\Controllers\Rutas->listadoRutas('estado_ruta!=', '2')
 7 SYSTEMPATH/CodeIgniter.php(933): App\Controllers\Rutas->enmarcha()
 8 SYSTEMPATH/CodeIgniter.php(509): CodeIgniter\CodeIgniter->runController(Object(App\Controllers\Rutas))
 9 SYSTEMPATH/CodeIgniter.php(355): CodeIgniter\CodeIgniter->handleRequest(null, Object(Config\Cache), false)
10 SYSTEMPATH/Boot.php(325): CodeIgniter\CodeIgniter->run()
11 SYSTEMPATH/Boot.php(67): CodeIgniter\Boot::runCodeIgniter(Object(CodeIgniter\CodeIgniter))
12 FCPATH/index.php(29): CodeIgniter\Boot::bootWeb(Object(Config\Paths))
CRITICAL - 2024-11-26 11:09:54 --> [Caused by] CodeIgniter\Database\Exceptions\DatabaseException: Unknown column 'nivel_acceso' in 'where clause'
in SYSTEMPATH/Database/MySQLi/Connection.php on line 317.
 1 SYSTEMPATH/Database/BaseConnection.php(734): CodeIgniter\Database\MySQLi\Connection->execute('SELECT *
FROM `users`
WHERE `nivel_acceso` = \'1\'')
 2 SYSTEMPATH/Database/BaseConnection.php(648): CodeIgniter\Database\BaseConnection->simpleQuery('SELECT *
FROM `users`
WHERE `nivel_acceso` = \'1\'')
 3 SYSTEMPATH/Database/BaseBuilder.php(1636): CodeIgniter\Database\BaseConnection->query('SELECT *
FROM `users`
WHERE `nivel_acceso` = :nivel_acceso:', [...], false)
 4 SYSTEMPATH/Model.php(286): CodeIgniter\Database\BaseBuilder->get()
 5 SYSTEMPATH/BaseModel.php(676): CodeIgniter\Model->doFindAll(0, 0)
 6 APPPATH/Controllers/Rutas.php(65): CodeIgniter\BaseModel->findAll()
 7 APPPATH/Controllers/Rutas.php(39): App\Controllers\Rutas->transportistas()
 8 APPPATH/Controllers/Rutas.php(20): App\Controllers\Rutas->listadoRutas('estado_ruta!=', '2')
 9 SYSTEMPATH/CodeIgniter.php(933): App\Controllers\Rutas->enmarcha()
10 SYSTEMPATH/CodeIgniter.php(509): CodeIgniter\CodeIgniter->runController(Object(App\Controllers\Rutas))
11 SYSTEMPATH/CodeIgniter.php(355): CodeIgniter\CodeIgniter->handleRequest(null, Object(Config\Cache), false)
12 SYSTEMPATH/Boot.php(325): CodeIgniter\CodeIgniter->run()
13 SYSTEMPATH/Boot.php(67): CodeIgniter\Boot::runCodeIgniter(Object(CodeIgniter\CodeIgniter))
14 FCPATH/index.php(29): CodeIgniter\Boot::bootWeb(Object(Config\Paths))
CRITICAL - 2024-11-26 11:09:54 --> [Caused by] mysqli_sql_exception: Unknown column 'nivel_acceso' in 'where clause'
in SYSTEMPATH/Database/MySQLi/Connection.php on line 312.
 1 SYSTEMPATH/Database/MySQLi/Connection.php(312): mysqli->query('SELECT *
FROM `users`
WHERE `nivel_acceso` = \'1\'', 0)
 2 SYSTEMPATH/Database/BaseConnection.php(734): CodeIgniter\Database\MySQLi\Connection->execute('SELECT *
FROM `users`
WHERE `nivel_acceso` = \'1\'')
 3 SYSTEMPATH/Database/BaseConnection.php(648): CodeIgniter\Database\BaseConnection->simpleQuery('SELECT *
FROM `users`
WHERE `nivel_acceso` = \'1\'')
 4 SYSTEMPATH/Database/BaseBuilder.php(1636): CodeIgniter\Database\BaseConnection->query('SELECT *
FROM `users`
WHERE `nivel_acceso` = :nivel_acceso:', [...], false)
 5 SYSTEMPATH/Model.php(286): CodeIgniter\Database\BaseBuilder->get()
 6 SYSTEMPATH/BaseModel.php(676): CodeIgniter\Model->doFindAll(0, 0)
 7 APPPATH/Controllers/Rutas.php(65): CodeIgniter\BaseModel->findAll()
 8 APPPATH/Controllers/Rutas.php(39): App\Controllers\Rutas->transportistas()
 9 APPPATH/Controllers/Rutas.php(20): App\Controllers\Rutas->listadoRutas('estado_ruta!=', '2')
10 SYSTEMPATH/CodeIgniter.php(933): App\Controllers\Rutas->enmarcha()
11 SYSTEMPATH/CodeIgniter.php(509): CodeIgniter\CodeIgniter->runController(Object(App\Controllers\Rutas))
12 SYSTEMPATH/CodeIgniter.php(355): CodeIgniter\CodeIgniter->handleRequest(null, Object(Config\Cache), false)
13 SYSTEMPATH/Boot.php(325): CodeIgniter\CodeIgniter->run()
14 SYSTEMPATH/Boot.php(67): CodeIgniter\Boot::runCodeIgniter(Object(CodeIgniter\CodeIgniter))
15 FCPATH/index.php(29): CodeIgniter\Boot::bootWeb(Object(Config\Paths))
INFO - 2024-11-26 11:10:10 --> Session: Class initialized using 'CodeIgniter\Session\Handlers\FileHandler' driver.
CRITICAL - 2024-11-26 11:10:10 --> ErrorException: Undefined variable $id_acceso
[Method: GET, Route: rutas/enmarcha]
in APPPATH/Controllers/Rutas.php on line 64.
 1 APPPATH/Controllers/Rutas.php(64): CodeIgniter\Debug\Exceptions->errorHandler(2, 'Undefined variable $id_acceso', '/home/customer/www/dev.showscreen.app/public_html/app/Controllers/Rutas.php', 64)
 2 APPPATH/Controllers/Rutas.php(39): App\Controllers\Rutas->transportistas()
 3 APPPATH/Controllers/Rutas.php(20): App\Controllers\Rutas->listadoRutas('estado_ruta!=', '2')
 4 SYSTEMPATH/CodeIgniter.php(933): App\Controllers\Rutas->enmarcha()
 5 SYSTEMPATH/CodeIgniter.php(509): CodeIgniter\CodeIgniter->runController(Object(App\Controllers\Rutas))
 6 SYSTEMPATH/CodeIgniter.php(355): CodeIgniter\CodeIgniter->handleRequest(null, Object(Config\Cache), false)
 7 SYSTEMPATH/Boot.php(325): CodeIgniter\CodeIgniter->run()
 8 SYSTEMPATH/Boot.php(67): CodeIgniter\Boot::runCodeIgniter(Object(CodeIgniter\CodeIgniter))
 9 FCPATH/index.php(29): CodeIgniter\Boot::bootWeb(Object(Config\Paths))
INFO - 2024-11-26 11:24:28 --> Session: Class initialized using 'CodeIgniter\Session\Handlers\FileHandler' driver.
ERROR - 2024-11-26 11:24:29 --> mysqli_sql_exception: Table 'dbpgvlpruorddd.rutas' doesn't exist in /home/customer/www/dev.showscreen.app/public_html/vendor/codeigniter4/codeigniter4/system/Database/MySQLi/Connection.php:312
Stack trace:
#0 /home/customer/www/dev.showscreen.app/public_html/vendor/codeigniter4/codeigniter4/system/Database/MySQLi/Connection.php(312): mysqli->query('SELECT *\nFROM `...', 0)
#1 /home/customer/www/dev.showscreen.app/public_html/vendor/codeigniter4/codeigniter4/system/Database/BaseConnection.php(734): CodeIgniter\Database\MySQLi\Connection->execute('SELECT *\nFROM `...')
#2 /home/customer/www/dev.showscreen.app/public_html/vendor/codeigniter4/codeigniter4/system/Database/BaseConnection.php(648): CodeIgniter\Database\BaseConnection->simpleQuery('SELECT *\nFROM `...')
#3 /home/customer/www/dev.showscreen.app/public_html/vendor/codeigniter4/codeigniter4/system/Database/BaseBuilder.php(1636): CodeIgniter\Database\BaseConnection->query('SELECT *\nFROM `...', Array, false)
#4 /home/customer/www/dev.showscreen.app/public_html/vendor/codeigniter4/codeigniter4/system/Model.php(286): CodeIgniter\Database\BaseBuilder->get()
#5 /home/customer/www/dev.showscreen.app/public_html/vendor/codeigniter4/codeigniter4/system/BaseModel.php(676): CodeIgniter\Model->doFindAll(0, 0)
#6 /home/customer/www/dev.showscreen.app/public_html/app/Models/Rutas_model.php(15): CodeIgniter\BaseModel->findAll()
#7 /home/customer/www/dev.showscreen.app/public_html/app/Controllers/Rutas.php(32): App\Models\Rutas_model->getRutas('estado_ruta!=', '2')
#8 /home/customer/www/dev.showscreen.app/public_html/app/Controllers/Rutas.php(19): App\Controllers\Rutas->listadoRutas('estado_ruta!=', '2')
#9 /home/customer/www/dev.showscreen.app/public_html/vendor/codeigniter4/codeigniter4/system/CodeIgniter.php(933): App\Controllers\Rutas->enmarcha()
#10 /home/customer/www/dev.showscreen.app/public_html/vendor/codeigniter4/codeigniter4/system/CodeIgniter.php(509): CodeIgniter\CodeIgniter->runController(Object(App\Controllers\Rutas))
#11 /home/customer/www/dev.showscreen.app/public_html/vendor/codeigniter4/codeigniter4/system/CodeIgniter.php(355): CodeIgniter\CodeIgniter->handleRequest(NULL, Object(Config\Cache), false)
#12 /home/customer/www/dev.showscreen.app/public_html/vendor/codeigniter4/codeigniter4/system/Boot.php(325): CodeIgniter\CodeIgniter->run()
#13 /home/customer/www/dev.showscreen.app/public_html/vendor/codeigniter4/codeigniter4/system/Boot.php(67): CodeIgniter\Boot::runCodeIgniter(Object(CodeIgniter\CodeIgniter))
#14 /home/customer/www/dev.showscreen.app/public_html/index.php(29): CodeIgniter\Boot::bootWeb(Object(Config\Paths))
#15 {main}
CRITICAL - 2024-11-26 11:24:29 --> CodeIgniter\Database\Exceptions\DatabaseException: Table 'dbpgvlpruorddd.rutas' doesn't exist
[Method: GET, Route: rutas/enmarcha]
in SYSTEMPATH/Database/BaseConnection.php on line 688.
 1 SYSTEMPATH/Database/BaseBuilder.php(1636): CodeIgniter\Database\BaseConnection->query('SELECT *
FROM `rutas`
WHERE `estado_ruta` != 2', [], false)
 2 SYSTEMPATH/Model.php(286): CodeIgniter\Database\BaseBuilder->get()
 3 SYSTEMPATH/BaseModel.php(676): CodeIgniter\Model->doFindAll(0, 0)
 4 APPPATH/Models/Rutas_model.php(15): CodeIgniter\BaseModel->findAll()
 5 APPPATH/Controllers/Rutas.php(32): App\Models\Rutas_model->getRutas('estado_ruta!=', '2')
 6 APPPATH/Controllers/Rutas.php(19): App\Controllers\Rutas->listadoRutas('estado_ruta!=', '2')
 7 SYSTEMPATH/CodeIgniter.php(933): App\Controllers\Rutas->enmarcha()
 8 SYSTEMPATH/CodeIgniter.php(509): CodeIgniter\CodeIgniter->runController(Object(App\Controllers\Rutas))
 9 SYSTEMPATH/CodeIgniter.php(355): CodeIgniter\CodeIgniter->handleRequest(null, Object(Config\Cache), false)
10 SYSTEMPATH/Boot.php(325): CodeIgniter\CodeIgniter->run()
11 SYSTEMPATH/Boot.php(67): CodeIgniter\Boot::runCodeIgniter(Object(CodeIgniter\CodeIgniter))
12 FCPATH/index.php(29): CodeIgniter\Boot::bootWeb(Object(Config\Paths))
CRITICAL - 2024-11-26 11:24:29 --> [Caused by] CodeIgniter\Database\Exceptions\DatabaseException: Table 'dbpgvlpruorddd.rutas' doesn't exist
in SYSTEMPATH/Database/MySQLi/Connection.php on line 317.
 1 SYSTEMPATH/Database/BaseConnection.php(734): CodeIgniter\Database\MySQLi\Connection->execute('SELECT *
FROM `rutas`
WHERE `estado_ruta` != 2')
 2 SYSTEMPATH/Database/BaseConnection.php(648): CodeIgniter\Database\BaseConnection->simpleQuery('SELECT *
FROM `rutas`
WHERE `estado_ruta` != 2')
 3 SYSTEMPATH/Database/BaseBuilder.php(1636): CodeIgniter\Database\BaseConnection->query('SELECT *
FROM `rutas`
WHERE `estado_ruta` != 2', [], false)
 4 SYSTEMPATH/Model.php(286): CodeIgniter\Database\BaseBuilder->get()
 5 SYSTEMPATH/BaseModel.php(676): CodeIgniter\Model->doFindAll(0, 0)
 6 APPPATH/Models/Rutas_model.php(15): CodeIgniter\BaseModel->findAll()
 7 APPPATH/Controllers/Rutas.php(32): App\Models\Rutas_model->getRutas('estado_ruta!=', '2')
 8 APPPATH/Controllers/Rutas.php(19): App\Controllers\Rutas->listadoRutas('estado_ruta!=', '2')
 9 SYSTEMPATH/CodeIgniter.php(933): App\Controllers\Rutas->enmarcha()
10 SYSTEMPATH/CodeIgniter.php(509): CodeIgniter\CodeIgniter->runController(Object(App\Controllers\Rutas))
11 SYSTEMPATH/CodeIgniter.php(355): CodeIgniter\CodeIgniter->handleRequest(null, Object(Config\Cache), false)
12 SYSTEMPATH/Boot.php(325): CodeIgniter\CodeIgniter->run()
13 SYSTEMPATH/Boot.php(67): CodeIgniter\Boot::runCodeIgniter(Object(CodeIgniter\CodeIgniter))
14 FCPATH/index.php(29): CodeIgniter\Boot::bootWeb(Object(Config\Paths))
CRITICAL - 2024-11-26 11:24:29 --> [Caused by] mysqli_sql_exception: Table 'dbpgvlpruorddd.rutas' doesn't exist
in SYSTEMPATH/Database/MySQLi/Connection.php on line 312.
 1 SYSTEMPATH/Database/MySQLi/Connection.php(312): mysqli->query('SELECT *
FROM `rutas`
WHERE `estado_ruta` != 2', 0)
 2 SYSTEMPATH/Database/BaseConnection.php(734): CodeIgniter\Database\MySQLi\Connection->execute('SELECT *
FROM `rutas`
WHERE `estado_ruta` != 2')
 3 SYSTEMPATH/Database/BaseConnection.php(648): CodeIgniter\Database\BaseConnection->simpleQuery('SELECT *
FROM `rutas`
WHERE `estado_ruta` != 2')
 4 SYSTEMPATH/Database/BaseBuilder.php(1636): CodeIgniter\Database\BaseConnection->query('SELECT *
FROM `rutas`
WHERE `estado_ruta` != 2', [], false)
 5 SYSTEMPATH/Model.php(286): CodeIgniter\Database\BaseBuilder->get()
 6 SYSTEMPATH/BaseModel.php(676): CodeIgniter\Model->doFindAll(0, 0)
 7 APPPATH/Models/Rutas_model.php(15): CodeIgniter\BaseModel->findAll()
 8 APPPATH/Controllers/Rutas.php(32): App\Models\Rutas_model->getRutas('estado_ruta!=', '2')
 9 APPPATH/Controllers/Rutas.php(19): App\Controllers\Rutas->listadoRutas('estado_ruta!=', '2')
10 SYSTEMPATH/CodeIgniter.php(933): App\Controllers\Rutas->enmarcha()
11 SYSTEMPATH/CodeIgniter.php(509): CodeIgniter\CodeIgniter->runController(Object(App\Controllers\Rutas))
12 SYSTEMPATH/CodeIgniter.php(355): CodeIgniter\CodeIgniter->handleRequest(null, Object(Config\Cache), false)
13 SYSTEMPATH/Boot.php(325): CodeIgniter\CodeIgniter->run()
14 SYSTEMPATH/Boot.php(67): CodeIgniter\Boot::runCodeIgniter(Object(CodeIgniter\CodeIgniter))
15 FCPATH/index.php(29): CodeIgniter\Boot::bootWeb(Object(Config\Paths))
INFO - 2024-11-26 12:30:47 --> Session: Class initialized using 'CodeIgniter\Session\Handlers\FileHandler' driver.
ERROR - 2024-11-26 12:30:47 --> mysqli_sql_exception: Table 'dbpgvlpruorddd.rutas' doesn't exist in /home/customer/www/dev.showscreen.app/public_html/vendor/codeigniter4/codeigniter4/system/Database/MySQLi/Connection.php:312
Stack trace:
#0 /home/customer/www/dev.showscreen.app/public_html/vendor/codeigniter4/codeigniter4/system/Database/MySQLi/Connection.php(312): mysqli->query('SELECT *\nFROM `...', 0)
#1 /home/customer/www/dev.showscreen.app/public_html/vendor/codeigniter4/codeigniter4/system/Database/BaseConnection.php(734): CodeIgniter\Database\MySQLi\Connection->execute('SELECT *\nFROM `...')
#2 /home/customer/www/dev.showscreen.app/public_html/vendor/codeigniter4/codeigniter4/system/Database/BaseConnection.php(648): CodeIgniter\Database\BaseConnection->simpleQuery('SELECT *\nFROM `...')
#3 /home/customer/www/dev.showscreen.app/public_html/vendor/codeigniter4/codeigniter4/system/Database/BaseBuilder.php(1636): CodeIgniter\Database\BaseConnection->query('SELECT *\nFROM `...', Array, false)
#4 /home/customer/www/dev.showscreen.app/public_html/vendor/codeigniter4/codeigniter4/system/Model.php(286): CodeIgniter\Database\BaseBuilder->get()
#5 /home/customer/www/dev.showscreen.app/public_html/vendor/codeigniter4/codeigniter4/system/BaseModel.php(676): CodeIgniter\Model->doFindAll(0, 0)
#6 /home/customer/www/dev.showscreen.app/public_html/app/Models/Rutas_model.php(15): CodeIgniter\BaseModel->findAll()
#7 /home/customer/www/dev.showscreen.app/public_html/app/Controllers/Rutas.php(32): App\Models\Rutas_model->getRutas('estado_ruta!=', '2')
#8 /home/customer/www/dev.showscreen.app/public_html/app/Controllers/Rutas.php(19): App\Controllers\Rutas->listadoRutas('estado_ruta!=', '2')
#9 /home/customer/www/dev.showscreen.app/public_html/vendor/codeigniter4/codeigniter4/system/CodeIgniter.php(933): App\Controllers\Rutas->enmarcha()
#10 /home/customer/www/dev.showscreen.app/public_html/vendor/codeigniter4/codeigniter4/system/CodeIgniter.php(509): CodeIgniter\CodeIgniter->runController(Object(App\Controllers\Rutas))
#11 /home/customer/www/dev.showscreen.app/public_html/vendor/codeigniter4/codeigniter4/system/CodeIgniter.php(355): CodeIgniter\CodeIgniter->handleRequest(NULL, Object(Config\Cache), false)
#12 /home/customer/www/dev.showscreen.app/public_html/vendor/codeigniter4/codeigniter4/system/Boot.php(325): CodeIgniter\CodeIgniter->run()
#13 /home/customer/www/dev.showscreen.app/public_html/vendor/codeigniter4/codeigniter4/system/Boot.php(67): CodeIgniter\Boot::runCodeIgniter(Object(CodeIgniter\CodeIgniter))
#14 /home/customer/www/dev.showscreen.app/public_html/index.php(29): CodeIgniter\Boot::bootWeb(Object(Config\Paths))
#15 {main}
CRITICAL - 2024-11-26 12:30:47 --> CodeIgniter\Database\Exceptions\DatabaseException: Table 'dbpgvlpruorddd.rutas' doesn't exist
[Method: GET, Route: rutas/enmarcha]
in SYSTEMPATH/Database/BaseConnection.php on line 688.
 1 SYSTEMPATH/Database/BaseBuilder.php(1636): CodeIgniter\Database\BaseConnection->query('SELECT *
FROM `rutas`
WHERE `estado_ruta` != 2', [], false)
 2 SYSTEMPATH/Model.php(286): CodeIgniter\Database\BaseBuilder->get()
 3 SYSTEMPATH/BaseModel.php(676): CodeIgniter\Model->doFindAll(0, 0)
 4 APPPATH/Models/Rutas_model.php(15): CodeIgniter\BaseModel->findAll()
 5 APPPATH/Controllers/Rutas.php(32): App\Models\Rutas_model->getRutas('estado_ruta!=', '2')
 6 APPPATH/Controllers/Rutas.php(19): App\Controllers\Rutas->listadoRutas('estado_ruta!=', '2')
 7 SYSTEMPATH/CodeIgniter.php(933): App\Controllers\Rutas->enmarcha()
 8 SYSTEMPATH/CodeIgniter.php(509): CodeIgniter\CodeIgniter->runController(Object(App\Controllers\Rutas))
 9 SYSTEMPATH/CodeIgniter.php(355): CodeIgniter\CodeIgniter->handleRequest(null, Object(Config\Cache), false)
10 SYSTEMPATH/Boot.php(325): CodeIgniter\CodeIgniter->run()
11 SYSTEMPATH/Boot.php(67): CodeIgniter\Boot::runCodeIgniter(Object(CodeIgniter\CodeIgniter))
12 FCPATH/index.php(29): CodeIgniter\Boot::bootWeb(Object(Config\Paths))
CRITICAL - 2024-11-26 12:30:47 --> [Caused by] CodeIgniter\Database\Exceptions\DatabaseException: Table 'dbpgvlpruorddd.rutas' doesn't exist
in SYSTEMPATH/Database/MySQLi/Connection.php on line 317.
 1 SYSTEMPATH/Database/BaseConnection.php(734): CodeIgniter\Database\MySQLi\Connection->execute('SELECT *
FROM `rutas`
WHERE `estado_ruta` != 2')
 2 SYSTEMPATH/Database/BaseConnection.php(648): CodeIgniter\Database\BaseConnection->simpleQuery('SELECT *
FROM `rutas`
WHERE `estado_ruta` != 2')
 3 SYSTEMPATH/Database/BaseBuilder.php(1636): CodeIgniter\Database\BaseConnection->query('SELECT *
FROM `rutas`
WHERE `estado_ruta` != 2', [], false)
 4 SYSTEMPATH/Model.php(286): CodeIgniter\Database\BaseBuilder->get()
 5 SYSTEMPATH/BaseModel.php(676): CodeIgniter\Model->doFindAll(0, 0)
 6 APPPATH/Models/Rutas_model.php(15): CodeIgniter\BaseModel->findAll()
 7 APPPATH/Controllers/Rutas.php(32): App\Models\Rutas_model->getRutas('estado_ruta!=', '2')
 8 APPPATH/Controllers/Rutas.php(19): App\Controllers\Rutas->listadoRutas('estado_ruta!=', '2')
 9 SYSTEMPATH/CodeIgniter.php(933): App\Controllers\Rutas->enmarcha()
10 SYSTEMPATH/CodeIgniter.php(509): CodeIgniter\CodeIgniter->runController(Object(App\Controllers\Rutas))
11 SYSTEMPATH/CodeIgniter.php(355): CodeIgniter\CodeIgniter->handleRequest(null, Object(Config\Cache), false)
12 SYSTEMPATH/Boot.php(325): CodeIgniter\CodeIgniter->run()
13 SYSTEMPATH/Boot.php(67): CodeIgniter\Boot::runCodeIgniter(Object(CodeIgniter\CodeIgniter))
14 FCPATH/index.php(29): CodeIgniter\Boot::bootWeb(Object(Config\Paths))
CRITICAL - 2024-11-26 12:30:47 --> [Caused by] mysqli_sql_exception: Table 'dbpgvlpruorddd.rutas' doesn't exist
in SYSTEMPATH/Database/MySQLi/Connection.php on line 312.
 1 SYSTEMPATH/Database/MySQLi/Connection.php(312): mysqli->query('SELECT *
FROM `rutas`
WHERE `estado_ruta` != 2', 0)
 2 SYSTEMPATH/Database/BaseConnection.php(734): CodeIgniter\Database\MySQLi\Connection->execute('SELECT *
FROM `rutas`
WHERE `estado_ruta` != 2')
 3 SYSTEMPATH/Database/BaseConnection.php(648): CodeIgniter\Database\BaseConnection->simpleQuery('SELECT *
FROM `rutas`
WHERE `estado_ruta` != 2')
 4 SYSTEMPATH/Database/BaseBuilder.php(1636): CodeIgniter\Database\BaseConnection->query('SELECT *
FROM `rutas`
WHERE `estado_ruta` != 2', [], false)
 5 SYSTEMPATH/Model.php(286): CodeIgniter\Database\BaseBuilder->get()
 6 SYSTEMPATH/BaseModel.php(676): CodeIgniter\Model->doFindAll(0, 0)
 7 APPPATH/Models/Rutas_model.php(15): CodeIgniter\BaseModel->findAll()
 8 APPPATH/Controllers/Rutas.php(32): App\Models\Rutas_model->getRutas('estado_ruta!=', '2')
 9 APPPATH/Controllers/Rutas.php(19): App\Controllers\Rutas->listadoRutas('estado_ruta!=', '2')
10 SYSTEMPATH/CodeIgniter.php(933): App\Controllers\Rutas->enmarcha()
11 SYSTEMPATH/CodeIgniter.php(509): CodeIgniter\CodeIgniter->runController(Object(App\Controllers\Rutas))
12 SYSTEMPATH/CodeIgniter.php(355): CodeIgniter\CodeIgniter->handleRequest(null, Object(Config\Cache), false)
13 SYSTEMPATH/Boot.php(325): CodeIgniter\CodeIgniter->run()
14 SYSTEMPATH/Boot.php(67): CodeIgniter\Boot::runCodeIgniter(Object(CodeIgniter\CodeIgniter))
15 FCPATH/index.php(29): CodeIgniter\Boot::bootWeb(Object(Config\Paths))
INFO - 2024-11-26 12:30:48 --> Session: Class initialized using 'CodeIgniter\Session\Handlers\FileHandler' driver.
ERROR - 2024-11-26 12:30:48 --> mysqli_sql_exception: Table 'dbpgvlpruorddd.rutas' doesn't exist in /home/customer/www/dev.showscreen.app/public_html/vendor/codeigniter4/codeigniter4/system/Database/MySQLi/Connection.php:312
Stack trace:
#0 /home/customer/www/dev.showscreen.app/public_html/vendor/codeigniter4/codeigniter4/system/Database/MySQLi/Connection.php(312): mysqli->query('SELECT *\nFROM `...', 0)
#1 /home/customer/www/dev.showscreen.app/public_html/vendor/codeigniter4/codeigniter4/system/Database/BaseConnection.php(734): CodeIgniter\Database\MySQLi\Connection->execute('SELECT *\nFROM `...')
#2 /home/customer/www/dev.showscreen.app/public_html/vendor/codeigniter4/codeigniter4/system/Database/BaseConnection.php(648): CodeIgniter\Database\BaseConnection->simpleQuery('SELECT *\nFROM `...')
#3 /home/customer/www/dev.showscreen.app/public_html/vendor/codeigniter4/codeigniter4/system/Database/BaseBuilder.php(1636): CodeIgniter\Database\BaseConnection->query('SELECT *\nFROM `...', Array, false)
#4 /home/customer/www/dev.showscreen.app/public_html/vendor/codeigniter4/codeigniter4/system/Model.php(286): CodeIgniter\Database\BaseBuilder->get()
#5 /home/customer/www/dev.showscreen.app/public_html/vendor/codeigniter4/codeigniter4/system/BaseModel.php(676): CodeIgniter\Model->doFindAll(0, 0)
#6 /home/customer/www/dev.showscreen.app/public_html/app/Models/Rutas_model.php(15): CodeIgniter\BaseModel->findAll()
#7 /home/customer/www/dev.showscreen.app/public_html/app/Controllers/Rutas.php(32): App\Models\Rutas_model->getRutas('estado_ruta=', '2')
#8 /home/customer/www/dev.showscreen.app/public_html/app/Controllers/Rutas.php(13): App\Controllers\Rutas->listadoRutas('estado_ruta=', '2')
#9 /home/customer/www/dev.showscreen.app/public_html/vendor/codeigniter4/codeigniter4/system/CodeIgniter.php(933): App\Controllers\Rutas->index()
#10 /home/customer/www/dev.showscreen.app/public_html/vendor/codeigniter4/codeigniter4/system/CodeIgniter.php(509): CodeIgniter\CodeIgniter->runController(Object(App\Controllers\Rutas))
#11 /home/customer/www/dev.showscreen.app/public_html/vendor/codeigniter4/codeigniter4/system/CodeIgniter.php(355): CodeIgniter\CodeIgniter->handleRequest(NULL, Object(Config\Cache), false)
#12 /home/customer/www/dev.showscreen.app/public_html/vendor/codeigniter4/codeigniter4/system/Boot.php(325): CodeIgniter\CodeIgniter->run()
#13 /home/customer/www/dev.showscreen.app/public_html/vendor/codeigniter4/codeigniter4/system/Boot.php(67): CodeIgniter\Boot::runCodeIgniter(Object(CodeIgniter\CodeIgniter))
#14 /home/customer/www/dev.showscreen.app/public_html/index.php(29): CodeIgniter\Boot::bootWeb(Object(Config\Paths))
#15 {main}
CRITICAL - 2024-11-26 12:30:48 --> CodeIgniter\Database\Exceptions\DatabaseException: Table 'dbpgvlpruorddd.rutas' doesn't exist
[Method: GET, Route: rutas]
in SYSTEMPATH/Database/BaseConnection.php on line 688.
 1 SYSTEMPATH/Database/BaseBuilder.php(1636): CodeIgniter\Database\BaseConnection->query('SELECT *
FROM `rutas`
WHERE `estado_ruta` = 2', [], false)
 2 SYSTEMPATH/Model.php(286): CodeIgniter\Database\BaseBuilder->get()
 3 SYSTEMPATH/BaseModel.php(676): CodeIgniter\Model->doFindAll(0, 0)
 4 APPPATH/Models/Rutas_model.php(15): CodeIgniter\BaseModel->findAll()
 5 APPPATH/Controllers/Rutas.php(32): App\Models\Rutas_model->getRutas('estado_ruta=', '2')
 6 APPPATH/Controllers/Rutas.php(13): App\Controllers\Rutas->listadoRutas('estado_ruta=', '2')
 7 SYSTEMPATH/CodeIgniter.php(933): App\Controllers\Rutas->index()
 8 SYSTEMPATH/CodeIgniter.php(509): CodeIgniter\CodeIgniter->runController(Object(App\Controllers\Rutas))
 9 SYSTEMPATH/CodeIgniter.php(355): CodeIgniter\CodeIgniter->handleRequest(null, Object(Config\Cache), false)
10 SYSTEMPATH/Boot.php(325): CodeIgniter\CodeIgniter->run()
11 SYSTEMPATH/Boot.php(67): CodeIgniter\Boot::runCodeIgniter(Object(CodeIgniter\CodeIgniter))
12 FCPATH/index.php(29): CodeIgniter\Boot::bootWeb(Object(Config\Paths))
CRITICAL - 2024-11-26 12:30:48 --> [Caused by] CodeIgniter\Database\Exceptions\DatabaseException: Table 'dbpgvlpruorddd.rutas' doesn't exist
in SYSTEMPATH/Database/MySQLi/Connection.php on line 317.
 1 SYSTEMPATH/Database/BaseConnection.php(734): CodeIgniter\Database\MySQLi\Connection->execute('SELECT *
FROM `rutas`
WHERE `estado_ruta` = 2')
 2 SYSTEMPATH/Database/BaseConnection.php(648): CodeIgniter\Database\BaseConnection->simpleQuery('SELECT *
FROM `rutas`
WHERE `estado_ruta` = 2')
 3 SYSTEMPATH/Database/BaseBuilder.php(1636): CodeIgniter\Database\BaseConnection->query('SELECT *
FROM `rutas`
WHERE `estado_ruta` = 2', [], false)
 4 SYSTEMPATH/Model.php(286): CodeIgniter\Database\BaseBuilder->get()
 5 SYSTEMPATH/BaseModel.php(676): CodeIgniter\Model->doFindAll(0, 0)
 6 APPPATH/Models/Rutas_model.php(15): CodeIgniter\BaseModel->findAll()
 7 APPPATH/Controllers/Rutas.php(32): App\Models\Rutas_model->getRutas('estado_ruta=', '2')
 8 APPPATH/Controllers/Rutas.php(13): App\Controllers\Rutas->listadoRutas('estado_ruta=', '2')
 9 SYSTEMPATH/CodeIgniter.php(933): App\Controllers\Rutas->index()
10 SYSTEMPATH/CodeIgniter.php(509): CodeIgniter\CodeIgniter->runController(Object(App\Controllers\Rutas))
11 SYSTEMPATH/CodeIgniter.php(355): CodeIgniter\CodeIgniter->handleRequest(null, Object(Config\Cache), false)
12 SYSTEMPATH/Boot.php(325): CodeIgniter\CodeIgniter->run()
13 SYSTEMPATH/Boot.php(67): CodeIgniter\Boot::runCodeIgniter(Object(CodeIgniter\CodeIgniter))
14 FCPATH/index.php(29): CodeIgniter\Boot::bootWeb(Object(Config\Paths))
CRITICAL - 2024-11-26 12:30:48 --> [Caused by] mysqli_sql_exception: Table 'dbpgvlpruorddd.rutas' doesn't exist
in SYSTEMPATH/Database/MySQLi/Connection.php on line 312.
 1 SYSTEMPATH/Database/MySQLi/Connection.php(312): mysqli->query('SELECT *
FROM `rutas`
WHERE `estado_ruta` = 2', 0)
 2 SYSTEMPATH/Database/BaseConnection.php(734): CodeIgniter\Database\MySQLi\Connection->execute('SELECT *
FROM `rutas`
WHERE `estado_ruta` = 2')
 3 SYSTEMPATH/Database/BaseConnection.php(648): CodeIgniter\Database\BaseConnection->simpleQuery('SELECT *
FROM `rutas`
WHERE `estado_ruta` = 2')
 4 SYSTEMPATH/Database/BaseBuilder.php(1636): CodeIgniter\Database\BaseConnection->query('SELECT *
FROM `rutas`
WHERE `estado_ruta` = 2', [], false)
 5 SYSTEMPATH/Model.php(286): CodeIgniter\Database\BaseBuilder->get()
 6 SYSTEMPATH/BaseModel.php(676): CodeIgniter\Model->doFindAll(0, 0)
 7 APPPATH/Models/Rutas_model.php(15): CodeIgniter\BaseModel->findAll()
 8 APPPATH/Controllers/Rutas.php(32): App\Models\Rutas_model->getRutas('estado_ruta=', '2')
 9 APPPATH/Controllers/Rutas.php(13): App\Controllers\Rutas->listadoRutas('estado_ruta=', '2')
10 SYSTEMPATH/CodeIgniter.php(933): App\Controllers\Rutas->index()
11 SYSTEMPATH/CodeIgniter.php(509): CodeIgniter\CodeIgniter->runController(Object(App\Controllers\Rutas))
12 SYSTEMPATH/CodeIgniter.php(355): CodeIgniter\CodeIgniter->handleRequest(null, Object(Config\Cache), false)
13 SYSTEMPATH/Boot.php(325): CodeIgniter\CodeIgniter->run()
14 SYSTEMPATH/Boot.php(67): CodeIgniter\Boot::runCodeIgniter(Object(CodeIgniter\CodeIgniter))
15 FCPATH/index.php(29): CodeIgniter\Boot::bootWeb(Object(Config\Paths))
INFO - 2024-11-26 12:30:50 --> Session: Class initialized using 'CodeIgniter\Session\Handlers\FileHandler' driver.
INFO - 2024-11-26 12:30:50 --> Session: Class initialized using 'CodeIgniter\Session\Handlers\FileHandler' driver.
INFO - 2024-11-26 12:30:57 --> Session: Class initialized using 'CodeIgniter\Session\Handlers\FileHandler' driver.
INFO - 2024-11-26 12:30:57 --> Session: Class initialized using 'CodeIgniter\Session\Handlers\FileHandler' driver.
INFO - 2024-11-26 12:30:57 --> Session: Class initialized using 'CodeIgniter\Session\Handlers\FileHandler' driver.
INFO - 2024-11-26 12:30:59 --> Session: Class initialized using 'CodeIgniter\Session\Handlers\FileHandler' driver.
INFO - 2024-11-26 12:30:59 --> Session: Class initialized using 'CodeIgniter\Session\Handlers\FileHandler' driver.
INFO - 2024-11-26 12:30:59 --> Session: Class initialized using 'CodeIgniter\Session\Handlers\FileHandler' driver.
INFO - 2024-11-26 12:31:36 --> Session: Class initialized using 'CodeIgniter\Session\Handlers\FileHandler' driver.
INFO - 2024-11-26 16:37:06 --> Session: Class initialized using 'CodeIgniter\Session\Handlers\FileHandler' driver.
